/BATCH  
/COM,ANSYS RELEASE Release 19.2      BUILD 19.2      UP20180808       18:10:09
/input,menust,tmp,''
/GRA,POWER
/GST,ON
/PLO,INFO,3
/GRO,CURL,ON
/CPLANE,1   
/REPLOT,RESIZE  
WPSTYLE,,,,,,,,0
FINISH  
! /EXIT,NOSAV   
/BATCH  
/COM,ANSYS RELEASE Release 19.2      BUILD 19.2      UP20180808       18:10:45
/COM,ANSYS RELEASE Release 19.2      BUILD 19.2      UP20180808       18:10:45
/BATCH  
/COM,ANSYS RELEASE Release 19.2      BUILD 19.2      UP20180808       18:12:28
/COM,ANSYS RELEASE Release 19.2      BUILD 19.2      UP20180808       18:12:28
/BATCH  
/COM,ANSYS RELEASE Release 19.2      BUILD 19.2      UP20180808       18:19:21
/COM,ANSYS RELEASE Release 19.2      BUILD 19.2      UP20180808       18:19:22
/BATCH  
/COM,ANSYS RELEASE Release 19.2      BUILD 19.2      UP20180808       18:22:44
/COM,ANSYS RELEASE Release 19.2      BUILD 19.2      UP20180808       18:22:44
/BATCH  
/COM,ANSYS RELEASE Release 19.2      BUILD 19.2      UP20180808       16:22:11
/COM,ANSYS RELEASE Release 19.2      BUILD 19.2      UP20180808       16:22:11
/BATCH  
/COM,ANSYS RELEASE Release 19.2      BUILD 19.2      UP20180808       15:44:03
/COM,ANSYS RELEASE Release 19.2      BUILD 19.2      UP20180808       15:44:03
/BATCH  
/COM,ANSYS RELEASE Release 19.2      BUILD 19.2      UP20180808       15:45:19
/COM,ANSYS RELEASE Release 19.2      BUILD 19.2      UP20180808       15:45:19
/BATCH  
/COM,ANSYS RELEASE Release 19.2      BUILD 19.2      UP20180808       15:49:24
/COM,ANSYS RELEASE Release 19.2      BUILD 19.2      UP20180808       15:49:24
/BATCH  
/COM,ANSYS RELEASE Release 19.2      BUILD 19.2      UP20180808       16:20:45
/COM,ANSYS RELEASE Release 19.2      BUILD 19.2      UP20180808       16:20:45
/BATCH  
/COM,ANSYS RELEASE Release 19.2      BUILD 19.2      UP20180808       09:00:28
/COM,ANSYS RELEASE Release 19.2      BUILD 19.2      UP20180808       09:00:29
